<?xml version="1.0" encoding="UTF-8"?>
<!-- Generated by org.testng.reporters.JUnitXMLReporter -->
<testsuite ignored="0" hostname="TechEZone" failures="0" tests="9" name="Test" time="17.664" errors="0" timestamp="2024-11-26T20:56:03 IST">
  <testcase classname="com.fitpeo.testcase.TC001_HomePageTest" name="verify_navigation_of_homepage" time="0.158"/>
  <testcase classname="com.fitpeo.testcase.TC002_RevenueCalculatorTest" name="verify_navigation_of_revenue_calculator" time="1.876"/>
  <testcase classname="com.fitpeo.testcase.TC002_RevenueCalculatorTest" name="verify_page_is_scrollable_till_the_slider" time="0.028"/>
  <testcase classname="com.fitpeo.testcase.TC002_RevenueCalculatorTest" name="verify_the_slider_is_adjustable_till_the_value" time="0.567"/>
  <testcase classname="com.fitpeo.testcase.TC002_RevenueCalculatorTest" name="validate_the_slider_value_and_input_value" time="0.088"/>
  <testcase classname="com.fitpeo.testcase.TC002_RevenueCalculatorTest" name="verify_the_slider_input_value_updatable" time="0.448"/>
  <testcase classname="com.fitpeo.testcase.TC002_RevenueCalculatorTest" name="validate_the_slidervalue_with_updated_sliderinput" time="0.07"/>
  <testcase classname="com.fitpeo.testcase.TC002_RevenueCalculatorTest" name="verify_the_cptCodes_are_clickable" time="1.873"/>
  <testcase classname="com.fitpeo.testcase.TC002_RevenueCalculatorTest" name="verify_the_total_recurring_reimbursement" time="0.115"/>
</testsuite> <!-- Test -->
