<?xml version="1.0" encoding="UTF-8"?>
<!-- Generated by org.testng.reporters.JUnitXMLReporter -->
<testsuite ignored="0" hostname="TechEZone" failures="0" tests="9" name="Test" time="25.987" errors="0" timestamp="2024-11-27T10:13:40 IST">
  <testcase classname="com.fitpeo.testcase.TC001_HomePageTest" name="verify_navigation_of_homepage" time="0.321"/>
  <testcase classname="com.fitpeo.testcase.TC002_RevenueCalculatorTest" name="verify_navigation_of_revenue_calculator" time="2.731"/>
  <testcase classname="com.fitpeo.testcase.TC002_RevenueCalculatorTest" name="verify_page_is_scrollable_till_the_slider" time="0.052"/>
  <testcase classname="com.fitpeo.testcase.TC002_RevenueCalculatorTest" name="verify_the_slider_is_adjustable_till_the_value" time="0.768"/>
  <testcase classname="com.fitpeo.testcase.TC002_RevenueCalculatorTest" name="validate_the_slider_value_and_input_value" time="0.189"/>
  <testcase classname="com.fitpeo.testcase.TC002_RevenueCalculatorTest" name="verify_the_slider_input_value_updatable" time="0.633"/>
  <testcase classname="com.fitpeo.testcase.TC002_RevenueCalculatorTest" name="validate_the_slidervalue_with_updated_sliderinput" time="0.131"/>
  <testcase classname="com.fitpeo.testcase.TC002_RevenueCalculatorTest" name="verify_the_cptCodes_are_clickable" time="2.989"/>
  <testcase classname="com.fitpeo.testcase.TC002_RevenueCalculatorTest" name="verify_the_total_recurring_reimbursement" time="0.278"/>
</testsuite> <!-- Test -->
