<?xml version="1.0" encoding="UTF-8"?>
<testng-results ignored="0" total="9" passed="9" failed="0" skipped="0">
  <reporter-output>
  </reporter-output>
  <suite started-at="2024-12-19T10:59:08 IST" name="Master Suite" finished-at="2024-12-19T10:59:31 IST" duration-ms="23106">
    <groups>
    </groups>
    <test started-at="2024-12-19T10:59:08 IST" name="Test" finished-at="2024-12-19T10:59:31 IST" duration-ms="23106">
      <class name="com.fitpeo.testcase.TC001_HomePageTest">
        <test-method is-config="true" signature="setUp(java.lang.String,java.lang.String)[pri:0, instance:com.fitpeo.testcase.TC001_HomePageTest@6cce16f4]" started-at="2024-12-19T10:59:08 IST" name="setUp" finished-at="2024-12-19T10:59:16 IST" duration-ms="8136" status="PASS">
          <params>
            <param index="0">
              <value>
                <![CDATA[Windows]]>
              </value>
            </param>
            <param index="1">
              <value>
                <![CDATA[chrome]]>
              </value>
            </param>
          </params>
          <reporter-output>
          </reporter-output>
        </test-method> <!-- setUp -->
        <test-method signature="verify_navigation_of_homepage()[pri:0, instance:com.fitpeo.testcase.TC001_HomePageTest@6cce16f4]" started-at="2024-12-19T10:59:16 IST" name="verify_navigation_of_homepage" finished-at="2024-12-19T10:59:17 IST" duration-ms="735" status="PASS">
          <reporter-output>
          </reporter-output>
        </test-method> <!-- verify_navigation_of_homepage -->
        <test-method is-config="true" signature="tearDown()[pri:0, instance:com.fitpeo.testcase.TC001_HomePageTest@6cce16f4]" started-at="2024-12-19T10:59:17 IST" name="tearDown" finished-at="2024-12-19T10:59:18 IST" duration-ms="802" status="PASS">
          <reporter-output>
          </reporter-output>
        </test-method> <!-- tearDown -->
      </class> <!-- com.fitpeo.testcase.TC001_HomePageTest -->
      <class name="com.fitpeo.testcase.TC002_RevenueCalculatorTest">
        <test-method is-config="true" signature="setUp(java.lang.String,java.lang.String)[pri:0, instance:com.fitpeo.testcase.TC002_RevenueCalculatorTest@416c58f5]" started-at="2024-12-19T10:59:18 IST" name="setUp" finished-at="2024-12-19T10:59:25 IST" duration-ms="6557" status="PASS">
          <params>
            <param index="0">
              <value>
                <![CDATA[Windows]]>
              </value>
            </param>
            <param index="1">
              <value>
                <![CDATA[chrome]]>
              </value>
            </param>
          </params>
          <reporter-output>
          </reporter-output>
        </test-method> <!-- setUp -->
        <test-method signature="verify_navigation_of_revenue_calculator()[pri:1, instance:com.fitpeo.testcase.TC002_RevenueCalculatorTest@416c58f5]" started-at="2024-12-19T10:59:25 IST" name="verify_navigation_of_revenue_calculator" finished-at="2024-12-19T10:59:27 IST" duration-ms="2043" status="PASS">
          <reporter-output>
          </reporter-output>
        </test-method> <!-- verify_navigation_of_revenue_calculator -->
        <test-method signature="verify_page_is_scrollable_till_the_slider()[pri:2, instance:com.fitpeo.testcase.TC002_RevenueCalculatorTest@416c58f5]" started-at="2024-12-19T10:59:27 IST" name="verify_page_is_scrollable_till_the_slider" finished-at="2024-12-19T10:59:27 IST" duration-ms="29" status="PASS">
          <reporter-output>
          </reporter-output>
        </test-method> <!-- verify_page_is_scrollable_till_the_slider -->
        <test-method signature="verify_the_slider_is_adjustable_till_the_value()[pri:3, instance:com.fitpeo.testcase.TC002_RevenueCalculatorTest@416c58f5]" started-at="2024-12-19T10:59:27 IST" name="verify_the_slider_is_adjustable_till_the_value" finished-at="2024-12-19T10:59:27 IST" duration-ms="743" status="PASS">
          <reporter-output>
          </reporter-output>
        </test-method> <!-- verify_the_slider_is_adjustable_till_the_value -->
        <test-method signature="validate_the_slider_value_and_input_value()[pri:4, instance:com.fitpeo.testcase.TC002_RevenueCalculatorTest@416c58f5]" started-at="2024-12-19T10:59:27 IST" name="validate_the_slider_value_and_input_value" finished-at="2024-12-19T10:59:28 IST" duration-ms="164" status="PASS">
          <reporter-output>
          </reporter-output>
        </test-method> <!-- validate_the_slider_value_and_input_value -->
        <test-method signature="verify_the_slider_input_value_updatable()[pri:5, instance:com.fitpeo.testcase.TC002_RevenueCalculatorTest@416c58f5]" started-at="2024-12-19T10:59:28 IST" name="verify_the_slider_input_value_updatable" finished-at="2024-12-19T10:59:28 IST" duration-ms="681" status="PASS">
          <reporter-output>
          </reporter-output>
        </test-method> <!-- verify_the_slider_input_value_updatable -->
        <test-method signature="validate_the_slidervalue_with_updated_sliderinput()[pri:6, instance:com.fitpeo.testcase.TC002_RevenueCalculatorTest@416c58f5]" started-at="2024-12-19T10:59:28 IST" name="validate_the_slidervalue_with_updated_sliderinput" finished-at="2024-12-19T10:59:28 IST" duration-ms="136" status="PASS">
          <reporter-output>
          </reporter-output>
        </test-method> <!-- validate_the_slidervalue_with_updated_sliderinput -->
        <test-method signature="verify_the_cptCodes_are_clickable()[pri:7, instance:com.fitpeo.testcase.TC002_RevenueCalculatorTest@416c58f5]" started-at="2024-12-19T10:59:28 IST" name="verify_the_cptCodes_are_clickable" finished-at="2024-12-19T10:59:31 IST" duration-ms="2381" status="PASS">
          <reporter-output>
          </reporter-output>
        </test-method> <!-- verify_the_cptCodes_are_clickable -->
        <test-method signature="verify_the_total_recurring_reimbursement()[pri:8, instance:com.fitpeo.testcase.TC002_RevenueCalculatorTest@416c58f5]" started-at="2024-12-19T10:59:31 IST" name="verify_the_total_recurring_reimbursement" finished-at="2024-12-19T10:59:31 IST" duration-ms="95" status="PASS">
          <reporter-output>
          </reporter-output>
        </test-method> <!-- verify_the_total_recurring_reimbursement -->
        <test-method is-config="true" signature="tearDown()[pri:0, instance:com.fitpeo.testcase.TC002_RevenueCalculatorTest@416c58f5]" started-at="2024-12-19T10:59:31 IST" name="tearDown" finished-at="2024-12-19T10:59:31 IST" duration-ms="269" status="PASS">
          <reporter-output>
          </reporter-output>
        </test-method> <!-- tearDown -->
      </class> <!-- com.fitpeo.testcase.TC002_RevenueCalculatorTest -->
    </test> <!-- Test -->
  </suite> <!-- Master Suite -->
</testng-results>
